10:13:35.288 [main] ERROR goa.systems.commons.io.InputOutput - InputStream is null. Returning empty string.
10:13:35.290 [main] DEBUG g.systems.commons.io.InputOutputTest - Line 1 of logback config: 
10:14:09.245 [main] ERROR goa.systems.commons.io.InputOutput - InputStream is null. Returning empty string.
10:14:09.248 [main] DEBUG g.systems.commons.io.InputOutputTest - Line 1 of logback config: 
10:14:30.402 [main] ERROR goa.systems.commons.io.InputOutput - InputStream is null. Returning empty string.
10:14:30.404 [main] DEBUG g.systems.commons.io.InputOutputTest - Line 1 of logback config: 
10:14:37.389 [main] ERROR goa.systems.commons.io.InputOutput - InputStream is null. Returning empty string.
10:14:37.392 [main] DEBUG g.systems.commons.io.InputOutputTest - Line 1 of logback config: 
10:15:11.683 [main] DEBUG g.systems.commons.io.InputOutputTest - Line 1 of logback config: <?xml version="1.0" encoding="UTF-8" standalone="yes"?>
10:15:42.925 [main] DEBUG g.systems.commons.io.InputOutputTest - Line 1 of logback config: <?xml version="1.0" encoding="UTF-8" standalone="yes"?>
10:16:14.843 [main] DEBUG g.systems.commons.io.InputOutputTest - Line 1 of logback config: <?xml version="1.0" encoding="UTF-8" standalone="yes"?>
10:23:32.538 [main] DEBUG g.systems.commons.io.InputOutputTest - Line 1 of logback config: <?xml version="1.0" encoding="UTF-8" standalone="yes"?>
10:28:45.351 [Test worker] DEBUG g.systems.commons.io.InputOutputTest - Line 1 of logback config: <?xml version="1.0" encoding="UTF-8" standalone="yes"?>
10:39:45.746 [main] DEBUG g.systems.commons.io.InputOutputTest - Line 1 of logback config: asdf1234
10:40:27.468 [main] DEBUG g.systems.commons.io.InputOutputTest - Line 1 of logback config: asdf1234
10:40:38.602 [main] DEBUG g.systems.commons.io.InputOutputTest - Line 1 of logback config: asdf1234
10:40:44.362 [main] DEBUG g.systems.commons.io.InputOutputTest - Line 1 of logback config: asdf1234
10:41:19.044 [main] DEBUG g.systems.commons.io.InputOutputTest - Line 1 of logback config: asdf1234
11:06:10.846 [main] DEBUG g.systems.commons.io.InputOutputTest - Line 1 of logback config: <?xml version="1.0" encoding="UTF-8" standalone="yes"?>
11:06:10.850 [main] DEBUG g.systems.commons.io.InputOutputTest - Line 1 of logback config: asdf1234
11:31:44.375 [main] DEBUG g.systems.commons.io.InputOutputTest - Line 1 of logback config: <?xml version="1.0" encoding="UTF-8" standalone="yes"?>
11:31:44.379 [main] DEBUG g.systems.commons.io.InputOutputTest - Line 1 of logback config: iotest3content
11:31:54.899 [main] DEBUG g.systems.commons.io.InputOutputTest - Line 1 of logback config: <?xml version="1.0" encoding="UTF-8" standalone="yes"?>
11:31:54.903 [main] DEBUG g.systems.commons.io.InputOutputTest - Line 1 of logback config: iotest3content
11:36:58.131 [main] DEBUG g.systems.commons.io.InputOutputTest - Line 1 of logback config: <?xml version="1.0" encoding="UTF-8" standalone="yes"?>
11:36:58.136 [main] DEBUG g.systems.commons.io.InputOutputTest - Line 1 of logback config: iotest3content
11:36:58.137 [main] DEBUG g.systems.commons.io.InputOutputTest - Line 1 of logback config: iotest4content:öäüß
11:37:18.885 [main] DEBUG g.systems.commons.io.InputOutputTest - Line 1 of logback config: <?xml version="1.0" encoding="UTF-8" standalone="yes"?>
11:37:18.889 [main] DEBUG g.systems.commons.io.InputOutputTest - Line 1 of logback config: iotest3content
11:37:18.890 [main] DEBUG g.systems.commons.io.InputOutputTest - Line 1 of logback config: iotest4content:öäüß
11:38:42.187 [main] DEBUG g.systems.commons.io.InputOutputTest - Line 1 of logback config: <?xml version="1.0" encoding="UTF-8" standalone="yes"?>
11:38:42.192 [main] DEBUG g.systems.commons.io.InputOutputTest - Line 1 of logback config: iotest3content
11:38:42.193 [main] DEBUG g.systems.commons.io.InputOutputTest - Line 1 of logback config: iotest4content:öäüß
11:38:50.178 [main] DEBUG g.systems.commons.io.InputOutputTest - Line 1 of logback config: iotest4content:öäüß
11:39:22.527 [main] DEBUG g.systems.commons.io.InputOutputTest - Line 1 of logback config: iotest4content:öäüß
11:39:38.519 [main] DEBUG g.systems.commons.io.InputOutputTest - Line 1 of logback config: iotest4content:öäüß
11:39:56.429 [main] DEBUG g.systems.commons.io.InputOutputTest - Line 1 of logback config with utf encoding: iotest4content:öäüß
11:42:13.497 [main] DEBUG g.systems.commons.io.InputOutputTest - Line 1 of logback config with utf encoding: iotest4content:öäüß
13:11:10.891 [main] DEBUG g.systems.commons.io.InputOutputTest - Line 1 of logback config with utf encoding: iotest4content:öäüß
13:12:24.539 [main] DEBUG g.systems.commons.io.InputOutputTest - Line 1 of logback config with utf encoding: iotest4content:öäüß
13:12:34.982 [main] DEBUG g.systems.commons.io.InputOutputTest - Line 1 of logback config: <?xml version="1.0" encoding="UTF-8" standalone="yes"?>
13:12:34.989 [main] DEBUG g.systems.commons.io.InputOutputTest - Line 1 of logback config: iotest3content
13:12:34.991 [main] DEBUG g.systems.commons.io.InputOutputTest - Line 1 of logback config with utf encoding: iotest4content:öäüß
13:13:25.080 [main] DEBUG g.systems.commons.io.InputOutputTest - Line 1 of logback config: <?xml version="1.0" encoding="UTF-8" standalone="yes"?>
13:13:25.087 [main] DEBUG g.systems.commons.io.InputOutputTest - Line 1 of logback config: iotest3content
13:13:25.089 [main] DEBUG g.systems.commons.io.InputOutputTest - Line 1 of logback config with utf encoding: iotest4content:öäüß
13:13:27.856 [main] DEBUG g.systems.commons.io.InputOutputTest - Line 1 of logback config with iso encoding: iotest4content:öäüß
13:13:53.727 [main] DEBUG g.systems.commons.io.InputOutputTest - Line 1 of logback config: <?xml version="1.0" encoding="UTF-8" standalone="yes"?>
13:13:53.733 [main] DEBUG g.systems.commons.io.InputOutputTest - Line 1 of logback config: iotest3content
13:13:53.735 [main] DEBUG g.systems.commons.io.InputOutputTest - Line 1 of logback config with utf encoding: iotest4content:öäüß
13:13:53.735 [main] DEBUG g.systems.commons.io.InputOutputTest - Line 1 of logback config with iso encoding: iotest4content:öäüß
13:14:54.634 [main] DEBUG g.systems.commons.io.InputOutputTest - Line 1 of logback config: <?xml version="1.0" encoding="UTF-8" standalone="yes"?>
13:14:54.639 [main] DEBUG g.systems.commons.io.InputOutputTest - Line 1 of logback config: iotest3content
13:14:54.640 [main] DEBUG g.systems.commons.io.InputOutputTest - Line 1 of logback config with utf encoding: iotest4content:öäüß
13:14:54.642 [main] ERROR goa.systems.commons.io.InputOutput - Inputstream is null, returning empty string.
13:14:54.642 [main] DEBUG g.systems.commons.io.InputOutputTest - Line 1 of logback config with iso encoding: 
13:15:28.677 [main] DEBUG g.systems.commons.io.InputOutputTest - Line 1 of logback config: <?xml version="1.0" encoding="UTF-8" standalone="yes"?>
13:15:28.681 [main] DEBUG g.systems.commons.io.InputOutputTest - Line 1 of logback config: iotest3content
13:15:28.683 [main] DEBUG g.systems.commons.io.InputOutputTest - Line 1 of logback config with utf encoding: iotest4content:öäüß
13:15:28.683 [main] DEBUG g.systems.commons.io.InputOutputTest - Line 1 of logback config with iso encoding: iotest4content:öäüß
13:20:15.443 [Test worker] DEBUG g.systems.commons.io.InputOutputTest - Line 1 of logback config: <?xml version="1.0" encoding="UTF-8" standalone="yes"?>
13:20:15.449 [Test worker] DEBUG g.systems.commons.io.InputOutputTest - Line 1 of logback config: iotest3content
13:20:15.451 [Test worker] DEBUG g.systems.commons.io.InputOutputTest - Line 1 of logback config with utf encoding: iotest4content:öäüß
13:20:15.451 [Test worker] DEBUG g.systems.commons.io.InputOutputTest - Line 1 of logback config with iso encoding: iotest4content:öäüß
13:35:07.708 [main] DEBUG g.systems.commons.io.InputOutputTest - Line 1 of logback config: <?xml version="1.0" encoding="UTF-8" standalone="yes"?>
13:35:07.713 [main] DEBUG g.systems.commons.io.InputOutputTest - Line 1 of logback config: iotest3content
13:35:07.714 [main] ERROR goa.systems.commons.io.InputOutput - Inputstream is null, returning empty string.
13:35:07.714 [main] DEBUG g.systems.commons.io.InputOutputTest - Line 1 of logback config with utf encoding: 
13:35:39.901 [main] DEBUG g.systems.commons.io.InputOutputTest - Line 1 of logback config: <?xml version="1.0" encoding="UTF-8" standalone="yes"?>
13:35:39.905 [main] DEBUG g.systems.commons.io.InputOutputTest - Line 1 of logback config: iotest3content
13:35:39.907 [main] DEBUG g.systems.commons.io.InputOutputTest - Line 1 of logback config with utf encoding: iotest4content:öäüß
13:35:39.907 [main] DEBUG g.systems.commons.io.InputOutputTest - Line 1 of logback config with utf encoding: iotest4content:����
13:37:21.746 [main] DEBUG g.systems.commons.io.InputOutputTest - Line 1 of logback config: <?xml version="1.0" encoding="UTF-8" standalone="yes"?>
13:37:21.751 [main] DEBUG g.systems.commons.io.InputOutputTest - Line 1 of logback config: iotest3content
13:37:21.752 [main] DEBUG g.systems.commons.io.InputOutputTest - Line 1 of logback config with utf encoding: iotest4content:öäüß
13:37:21.753 [main] DEBUG g.systems.commons.io.InputOutputTest - Line 1 of logback config with utf encoding: iotest4content:öäüß
13:39:34.385 [main] DEBUG g.systems.commons.io.InputOutputTest - Line 1 of logback config: <?xml version="1.0" encoding="UTF-8" standalone="yes"?>
13:39:34.390 [main] DEBUG g.systems.commons.io.InputOutputTest - Line 1 of logback config: iotest3content
13:39:34.391 [main] DEBUG g.systems.commons.io.InputOutputTest - Line 1 of logback config with utf encoding: iotest4content:öäüß
13:39:34.392 [main] DEBUG g.systems.commons.io.InputOutputTest - Line 1 of logback config with utf encoding: iotest4content:öäüß
13:39:34.392 [main] ERROR goa.systems.commons.io.InputOutput - Inputstream is null, returning empty string.
13:39:34.392 [main] DEBUG g.systems.commons.io.InputOutputTest - Line 1 of logback config with utf encoding: 
13:39:55.696 [main] DEBUG g.systems.commons.io.InputOutputTest - Line 1 of logback config: <?xml version="1.0" encoding="UTF-8" standalone="yes"?>
13:39:55.701 [main] DEBUG g.systems.commons.io.InputOutputTest - Line 1 of logback config: iotest3content
13:39:55.702 [main] DEBUG g.systems.commons.io.InputOutputTest - Line 1 of logback config with utf encoding: iotest4content:öäüß
13:39:55.703 [main] DEBUG g.systems.commons.io.InputOutputTest - Line 1 of logback config with utf encoding: iotest4content:öäüß
13:39:55.704 [main] DEBUG g.systems.commons.io.InputOutputTest - Line 1 of logback config with utf encoding: iotest4content:öäüß
13:43:38.765 [main] DEBUG g.systems.commons.io.InputOutputTest - Line 1 of logback config: <?xml version="1.0" encoding="UTF-8" standalone="yes"?>
13:43:38.769 [main] DEBUG g.systems.commons.io.InputOutputTest - Line 1 of logback config: iotest3content
13:43:38.771 [main] DEBUG g.systems.commons.io.InputOutputTest - Line 1 of logback config with encoding UTF-8: iotest4content:öäüß
13:43:38.771 [main] DEBUG g.systems.commons.io.InputOutputTest - Line 1 of logback config with encoding ISO-8859-1: iotest4content:öäüß
13:43:38.772 [main] DEBUG g.systems.commons.io.InputOutputTest - Line 1 of logback config with encoding UTF-16: iotest4content:öäüß
15:58:44.603 [main] ERROR g.s.commons.xml.XmlFrameworkTest - Exception occured.
org.xml.sax.SAXParseException: External DTD: Failed to read external DTD 'root.dtd', because 'file' access is not allowed due to restriction set by the accessExternalDTD property.
	at com.sun.org.apache.xerces.internal.parsers.DOMParser.parse(DOMParser.java:257)
	at com.sun.org.apache.xerces.internal.jaxp.DocumentBuilderImpl.parse(DocumentBuilderImpl.java:339)
	at javax.xml.parsers.DocumentBuilder.parse(DocumentBuilder.java:121)
	at goa.systems.commons.xml.XmlFrameworkTest.xmlfwTest1(XmlFrameworkTest.java:26)
	at sun.reflect.NativeMethodAccessorImpl.invoke0(Native Method)
	at sun.reflect.NativeMethodAccessorImpl.invoke(NativeMethodAccessorImpl.java:62)
	at sun.reflect.DelegatingMethodAccessorImpl.invoke(DelegatingMethodAccessorImpl.java:43)
	at java.lang.reflect.Method.invoke(Method.java:498)
	at org.junit.platform.commons.util.ReflectionUtils.invokeMethod(ReflectionUtils.java:688)
	at org.junit.jupiter.engine.execution.MethodInvocation.proceed(MethodInvocation.java:60)
	at org.junit.jupiter.engine.execution.InvocationInterceptorChain$ValidatingInvocation.proceed(InvocationInterceptorChain.java:131)
	at org.junit.jupiter.engine.extension.TimeoutExtension.intercept(TimeoutExtension.java:149)
	at org.junit.jupiter.engine.extension.TimeoutExtension.interceptTestableMethod(TimeoutExtension.java:140)
	at org.junit.jupiter.engine.extension.TimeoutExtension.interceptTestMethod(TimeoutExtension.java:84)
	at org.junit.jupiter.engine.execution.ExecutableInvoker$ReflectiveInterceptorCall.lambda$ofVoidMethod$0(ExecutableInvoker.java:115)
	at org.junit.jupiter.engine.execution.ExecutableInvoker.lambda$invoke$0(ExecutableInvoker.java:105)
	at org.junit.jupiter.engine.execution.InvocationInterceptorChain$InterceptedInvocation.proceed(InvocationInterceptorChain.java:106)
	at org.junit.jupiter.engine.execution.InvocationInterceptorChain.proceed(InvocationInterceptorChain.java:64)
	at org.junit.jupiter.engine.execution.InvocationInterceptorChain.chainAndInvoke(InvocationInterceptorChain.java:45)
	at org.junit.jupiter.engine.execution.InvocationInterceptorChain.invoke(InvocationInterceptorChain.java:37)
	at org.junit.jupiter.engine.execution.ExecutableInvoker.invoke(ExecutableInvoker.java:104)
	at org.junit.jupiter.engine.execution.ExecutableInvoker.invoke(ExecutableInvoker.java:98)
	at org.junit.jupiter.engine.descriptor.TestMethodTestDescriptor.lambda$invokeTestMethod$6(TestMethodTestDescriptor.java:210)
	at org.junit.platform.engine.support.hierarchical.ThrowableCollector.execute(ThrowableCollector.java:73)
	at org.junit.jupiter.engine.descriptor.TestMethodTestDescriptor.invokeTestMethod(TestMethodTestDescriptor.java:206)
	at org.junit.jupiter.engine.descriptor.TestMethodTestDescriptor.execute(TestMethodTestDescriptor.java:131)
	at org.junit.jupiter.engine.descriptor.TestMethodTestDescriptor.execute(TestMethodTestDescriptor.java:65)
	at org.junit.platform.engine.support.hierarchical.NodeTestTask.lambda$executeRecursively$5(NodeTestTask.java:139)
	at org.junit.platform.engine.support.hierarchical.ThrowableCollector.execute(ThrowableCollector.java:73)
	at org.junit.platform.engine.support.hierarchical.NodeTestTask.lambda$executeRecursively$7(NodeTestTask.java:129)
	at org.junit.platform.engine.support.hierarchical.Node.around(Node.java:137)
	at org.junit.platform.engine.support.hierarchical.NodeTestTask.lambda$executeRecursively$8(NodeTestTask.java:127)
	at org.junit.platform.engine.support.hierarchical.ThrowableCollector.execute(ThrowableCollector.java:73)
	at org.junit.platform.engine.support.hierarchical.NodeTestTask.executeRecursively(NodeTestTask.java:126)
	at org.junit.platform.engine.support.hierarchical.NodeTestTask.execute(NodeTestTask.java:84)
	at java.util.ArrayList.forEach(ArrayList.java:1259)
	at org.junit.platform.engine.support.hierarchical.SameThreadHierarchicalTestExecutorService.invokeAll(SameThreadHierarchicalTestExecutorService.java:38)
	at org.junit.platform.engine.support.hierarchical.NodeTestTask.lambda$executeRecursively$5(NodeTestTask.java:143)
	at org.junit.platform.engine.support.hierarchical.ThrowableCollector.execute(ThrowableCollector.java:73)
	at org.junit.platform.engine.support.hierarchical.NodeTestTask.lambda$executeRecursively$7(NodeTestTask.java:129)
	at org.junit.platform.engine.support.hierarchical.Node.around(Node.java:137)
	at org.junit.platform.engine.support.hierarchical.NodeTestTask.lambda$executeRecursively$8(NodeTestTask.java:127)
	at org.junit.platform.engine.support.hierarchical.ThrowableCollector.execute(ThrowableCollector.java:73)
	at org.junit.platform.engine.support.hierarchical.NodeTestTask.executeRecursively(NodeTestTask.java:126)
	at org.junit.platform.engine.support.hierarchical.NodeTestTask.execute(NodeTestTask.java:84)
	at java.util.ArrayList.forEach(ArrayList.java:1259)
	at org.junit.platform.engine.support.hierarchical.SameThreadHierarchicalTestExecutorService.invokeAll(SameThreadHierarchicalTestExecutorService.java:38)
	at org.junit.platform.engine.support.hierarchical.NodeTestTask.lambda$executeRecursively$5(NodeTestTask.java:143)
	at org.junit.platform.engine.support.hierarchical.ThrowableCollector.execute(ThrowableCollector.java:73)
	at org.junit.platform.engine.support.hierarchical.NodeTestTask.lambda$executeRecursively$7(NodeTestTask.java:129)
	at org.junit.platform.engine.support.hierarchical.Node.around(Node.java:137)
	at org.junit.platform.engine.support.hierarchical.NodeTestTask.lambda$executeRecursively$8(NodeTestTask.java:127)
	at org.junit.platform.engine.support.hierarchical.ThrowableCollector.execute(ThrowableCollector.java:73)
	at org.junit.platform.engine.support.hierarchical.NodeTestTask.executeRecursively(NodeTestTask.java:126)
	at org.junit.platform.engine.support.hierarchical.NodeTestTask.execute(NodeTestTask.java:84)
	at org.junit.platform.engine.support.hierarchical.SameThreadHierarchicalTestExecutorService.submit(SameThreadHierarchicalTestExecutorService.java:32)
	at org.junit.platform.engine.support.hierarchical.HierarchicalTestExecutor.execute(HierarchicalTestExecutor.java:57)
	at org.junit.platform.engine.support.hierarchical.HierarchicalTestEngine.execute(HierarchicalTestEngine.java:51)
	at org.junit.platform.launcher.core.EngineExecutionOrchestrator.execute(EngineExecutionOrchestrator.java:108)
	at org.junit.platform.launcher.core.EngineExecutionOrchestrator.execute(EngineExecutionOrchestrator.java:88)
	at org.junit.platform.launcher.core.EngineExecutionOrchestrator.lambda$execute$0(EngineExecutionOrchestrator.java:54)
	at org.junit.platform.launcher.core.EngineExecutionOrchestrator.withInterceptedStreams(EngineExecutionOrchestrator.java:67)
	at org.junit.platform.launcher.core.EngineExecutionOrchestrator.execute(EngineExecutionOrchestrator.java:52)
	at org.junit.platform.launcher.core.DefaultLauncher.execute(DefaultLauncher.java:96)
	at org.junit.platform.launcher.core.DefaultLauncher.execute(DefaultLauncher.java:84)
	at org.eclipse.jdt.internal.junit5.runner.JUnit5TestReference.run(JUnit5TestReference.java:98)
	at org.eclipse.jdt.internal.junit.runner.TestExecution.run(TestExecution.java:41)
	at org.eclipse.jdt.internal.junit.runner.RemoteTestRunner.runTests(RemoteTestRunner.java:542)
	at org.eclipse.jdt.internal.junit.runner.RemoteTestRunner.runTests(RemoteTestRunner.java:770)
	at org.eclipse.jdt.internal.junit.runner.RemoteTestRunner.run(RemoteTestRunner.java:464)
	at org.eclipse.jdt.internal.junit.runner.RemoteTestRunner.main(RemoteTestRunner.java:210)
16:00:25.049 [main] ERROR g.s.commons.xml.XmlFrameworkTest - Exception occured.
org.xml.sax.SAXParseException: White space is required after the element type "child" in the element type declaration.
	at com.sun.org.apache.xerces.internal.parsers.DOMParser.parse(DOMParser.java:257)
	at com.sun.org.apache.xerces.internal.jaxp.DocumentBuilderImpl.parse(DocumentBuilderImpl.java:339)
	at javax.xml.parsers.DocumentBuilder.parse(DocumentBuilder.java:121)
	at goa.systems.commons.xml.XmlFrameworkTest.xmlfwTest1(XmlFrameworkTest.java:26)
	at sun.reflect.NativeMethodAccessorImpl.invoke0(Native Method)
	at sun.reflect.NativeMethodAccessorImpl.invoke(NativeMethodAccessorImpl.java:62)
	at sun.reflect.DelegatingMethodAccessorImpl.invoke(DelegatingMethodAccessorImpl.java:43)
	at java.lang.reflect.Method.invoke(Method.java:498)
	at org.junit.platform.commons.util.ReflectionUtils.invokeMethod(ReflectionUtils.java:688)
	at org.junit.jupiter.engine.execution.MethodInvocation.proceed(MethodInvocation.java:60)
	at org.junit.jupiter.engine.execution.InvocationInterceptorChain$ValidatingInvocation.proceed(InvocationInterceptorChain.java:131)
	at org.junit.jupiter.engine.extension.TimeoutExtension.intercept(TimeoutExtension.java:149)
	at org.junit.jupiter.engine.extension.TimeoutExtension.interceptTestableMethod(TimeoutExtension.java:140)
	at org.junit.jupiter.engine.extension.TimeoutExtension.interceptTestMethod(TimeoutExtension.java:84)
	at org.junit.jupiter.engine.execution.ExecutableInvoker$ReflectiveInterceptorCall.lambda$ofVoidMethod$0(ExecutableInvoker.java:115)
	at org.junit.jupiter.engine.execution.ExecutableInvoker.lambda$invoke$0(ExecutableInvoker.java:105)
	at org.junit.jupiter.engine.execution.InvocationInterceptorChain$InterceptedInvocation.proceed(InvocationInterceptorChain.java:106)
	at org.junit.jupiter.engine.execution.InvocationInterceptorChain.proceed(InvocationInterceptorChain.java:64)
	at org.junit.jupiter.engine.execution.InvocationInterceptorChain.chainAndInvoke(InvocationInterceptorChain.java:45)
	at org.junit.jupiter.engine.execution.InvocationInterceptorChain.invoke(InvocationInterceptorChain.java:37)
	at org.junit.jupiter.engine.execution.ExecutableInvoker.invoke(ExecutableInvoker.java:104)
	at org.junit.jupiter.engine.execution.ExecutableInvoker.invoke(ExecutableInvoker.java:98)
	at org.junit.jupiter.engine.descriptor.TestMethodTestDescriptor.lambda$invokeTestMethod$6(TestMethodTestDescriptor.java:210)
	at org.junit.platform.engine.support.hierarchical.ThrowableCollector.execute(ThrowableCollector.java:73)
	at org.junit.jupiter.engine.descriptor.TestMethodTestDescriptor.invokeTestMethod(TestMethodTestDescriptor.java:206)
	at org.junit.jupiter.engine.descriptor.TestMethodTestDescriptor.execute(TestMethodTestDescriptor.java:131)
	at org.junit.jupiter.engine.descriptor.TestMethodTestDescriptor.execute(TestMethodTestDescriptor.java:65)
	at org.junit.platform.engine.support.hierarchical.NodeTestTask.lambda$executeRecursively$5(NodeTestTask.java:139)
	at org.junit.platform.engine.support.hierarchical.ThrowableCollector.execute(ThrowableCollector.java:73)
	at org.junit.platform.engine.support.hierarchical.NodeTestTask.lambda$executeRecursively$7(NodeTestTask.java:129)
	at org.junit.platform.engine.support.hierarchical.Node.around(Node.java:137)
	at org.junit.platform.engine.support.hierarchical.NodeTestTask.lambda$executeRecursively$8(NodeTestTask.java:127)
	at org.junit.platform.engine.support.hierarchical.ThrowableCollector.execute(ThrowableCollector.java:73)
	at org.junit.platform.engine.support.hierarchical.NodeTestTask.executeRecursively(NodeTestTask.java:126)
	at org.junit.platform.engine.support.hierarchical.NodeTestTask.execute(NodeTestTask.java:84)
	at java.util.ArrayList.forEach(ArrayList.java:1259)
	at org.junit.platform.engine.support.hierarchical.SameThreadHierarchicalTestExecutorService.invokeAll(SameThreadHierarchicalTestExecutorService.java:38)
	at org.junit.platform.engine.support.hierarchical.NodeTestTask.lambda$executeRecursively$5(NodeTestTask.java:143)
	at org.junit.platform.engine.support.hierarchical.ThrowableCollector.execute(ThrowableCollector.java:73)
	at org.junit.platform.engine.support.hierarchical.NodeTestTask.lambda$executeRecursively$7(NodeTestTask.java:129)
	at org.junit.platform.engine.support.hierarchical.Node.around(Node.java:137)
	at org.junit.platform.engine.support.hierarchical.NodeTestTask.lambda$executeRecursively$8(NodeTestTask.java:127)
	at org.junit.platform.engine.support.hierarchical.ThrowableCollector.execute(ThrowableCollector.java:73)
	at org.junit.platform.engine.support.hierarchical.NodeTestTask.executeRecursively(NodeTestTask.java:126)
	at org.junit.platform.engine.support.hierarchical.NodeTestTask.execute(NodeTestTask.java:84)
	at java.util.ArrayList.forEach(ArrayList.java:1259)
	at org.junit.platform.engine.support.hierarchical.SameThreadHierarchicalTestExecutorService.invokeAll(SameThreadHierarchicalTestExecutorService.java:38)
	at org.junit.platform.engine.support.hierarchical.NodeTestTask.lambda$executeRecursively$5(NodeTestTask.java:143)
	at org.junit.platform.engine.support.hierarchical.ThrowableCollector.execute(ThrowableCollector.java:73)
	at org.junit.platform.engine.support.hierarchical.NodeTestTask.lambda$executeRecursively$7(NodeTestTask.java:129)
	at org.junit.platform.engine.support.hierarchical.Node.around(Node.java:137)
	at org.junit.platform.engine.support.hierarchical.NodeTestTask.lambda$executeRecursively$8(NodeTestTask.java:127)
	at org.junit.platform.engine.support.hierarchical.ThrowableCollector.execute(ThrowableCollector.java:73)
	at org.junit.platform.engine.support.hierarchical.NodeTestTask.executeRecursively(NodeTestTask.java:126)
	at org.junit.platform.engine.support.hierarchical.NodeTestTask.execute(NodeTestTask.java:84)
	at org.junit.platform.engine.support.hierarchical.SameThreadHierarchicalTestExecutorService.submit(SameThreadHierarchicalTestExecutorService.java:32)
	at org.junit.platform.engine.support.hierarchical.HierarchicalTestExecutor.execute(HierarchicalTestExecutor.java:57)
	at org.junit.platform.engine.support.hierarchical.HierarchicalTestEngine.execute(HierarchicalTestEngine.java:51)
	at org.junit.platform.launcher.core.EngineExecutionOrchestrator.execute(EngineExecutionOrchestrator.java:108)
	at org.junit.platform.launcher.core.EngineExecutionOrchestrator.execute(EngineExecutionOrchestrator.java:88)
	at org.junit.platform.launcher.core.EngineExecutionOrchestrator.lambda$execute$0(EngineExecutionOrchestrator.java:54)
	at org.junit.platform.launcher.core.EngineExecutionOrchestrator.withInterceptedStreams(EngineExecutionOrchestrator.java:67)
	at org.junit.platform.launcher.core.EngineExecutionOrchestrator.execute(EngineExecutionOrchestrator.java:52)
	at org.junit.platform.launcher.core.DefaultLauncher.execute(DefaultLauncher.java:96)
	at org.junit.platform.launcher.core.DefaultLauncher.execute(DefaultLauncher.java:84)
	at org.eclipse.jdt.internal.junit5.runner.JUnit5TestReference.run(JUnit5TestReference.java:98)
	at org.eclipse.jdt.internal.junit.runner.TestExecution.run(TestExecution.java:41)
	at org.eclipse.jdt.internal.junit.runner.RemoteTestRunner.runTests(RemoteTestRunner.java:542)
	at org.eclipse.jdt.internal.junit.runner.RemoteTestRunner.runTests(RemoteTestRunner.java:770)
	at org.eclipse.jdt.internal.junit.runner.RemoteTestRunner.run(RemoteTestRunner.java:464)
	at org.eclipse.jdt.internal.junit.runner.RemoteTestRunner.main(RemoteTestRunner.java:210)
16:00:45.226 [main] ERROR g.s.commons.xml.XmlFrameworkTest - Exception occured.
org.xml.sax.SAXParseException: White space is required after the element type "child" in the element type declaration.
	at com.sun.org.apache.xerces.internal.parsers.DOMParser.parse(DOMParser.java:257)
	at com.sun.org.apache.xerces.internal.jaxp.DocumentBuilderImpl.parse(DocumentBuilderImpl.java:339)
	at javax.xml.parsers.DocumentBuilder.parse(DocumentBuilder.java:121)
	at goa.systems.commons.xml.XmlFrameworkTest.xmlfwTest1(XmlFrameworkTest.java:26)
	at sun.reflect.NativeMethodAccessorImpl.invoke0(Native Method)
	at sun.reflect.NativeMethodAccessorImpl.invoke(NativeMethodAccessorImpl.java:62)
	at sun.reflect.DelegatingMethodAccessorImpl.invoke(DelegatingMethodAccessorImpl.java:43)
	at java.lang.reflect.Method.invoke(Method.java:498)
	at org.junit.platform.commons.util.ReflectionUtils.invokeMethod(ReflectionUtils.java:688)
	at org.junit.jupiter.engine.execution.MethodInvocation.proceed(MethodInvocation.java:60)
	at org.junit.jupiter.engine.execution.InvocationInterceptorChain$ValidatingInvocation.proceed(InvocationInterceptorChain.java:131)
	at org.junit.jupiter.engine.extension.TimeoutExtension.intercept(TimeoutExtension.java:149)
	at org.junit.jupiter.engine.extension.TimeoutExtension.interceptTestableMethod(TimeoutExtension.java:140)
	at org.junit.jupiter.engine.extension.TimeoutExtension.interceptTestMethod(TimeoutExtension.java:84)
	at org.junit.jupiter.engine.execution.ExecutableInvoker$ReflectiveInterceptorCall.lambda$ofVoidMethod$0(ExecutableInvoker.java:115)
	at org.junit.jupiter.engine.execution.ExecutableInvoker.lambda$invoke$0(ExecutableInvoker.java:105)
	at org.junit.jupiter.engine.execution.InvocationInterceptorChain$InterceptedInvocation.proceed(InvocationInterceptorChain.java:106)
	at org.junit.jupiter.engine.execution.InvocationInterceptorChain.proceed(InvocationInterceptorChain.java:64)
	at org.junit.jupiter.engine.execution.InvocationInterceptorChain.chainAndInvoke(InvocationInterceptorChain.java:45)
	at org.junit.jupiter.engine.execution.InvocationInterceptorChain.invoke(InvocationInterceptorChain.java:37)
	at org.junit.jupiter.engine.execution.ExecutableInvoker.invoke(ExecutableInvoker.java:104)
	at org.junit.jupiter.engine.execution.ExecutableInvoker.invoke(ExecutableInvoker.java:98)
	at org.junit.jupiter.engine.descriptor.TestMethodTestDescriptor.lambda$invokeTestMethod$6(TestMethodTestDescriptor.java:210)
	at org.junit.platform.engine.support.hierarchical.ThrowableCollector.execute(ThrowableCollector.java:73)
	at org.junit.jupiter.engine.descriptor.TestMethodTestDescriptor.invokeTestMethod(TestMethodTestDescriptor.java:206)
	at org.junit.jupiter.engine.descriptor.TestMethodTestDescriptor.execute(TestMethodTestDescriptor.java:131)
	at org.junit.jupiter.engine.descriptor.TestMethodTestDescriptor.execute(TestMethodTestDescriptor.java:65)
	at org.junit.platform.engine.support.hierarchical.NodeTestTask.lambda$executeRecursively$5(NodeTestTask.java:139)
	at org.junit.platform.engine.support.hierarchical.ThrowableCollector.execute(ThrowableCollector.java:73)
	at org.junit.platform.engine.support.hierarchical.NodeTestTask.lambda$executeRecursively$7(NodeTestTask.java:129)
	at org.junit.platform.engine.support.hierarchical.Node.around(Node.java:137)
	at org.junit.platform.engine.support.hierarchical.NodeTestTask.lambda$executeRecursively$8(NodeTestTask.java:127)
	at org.junit.platform.engine.support.hierarchical.ThrowableCollector.execute(ThrowableCollector.java:73)
	at org.junit.platform.engine.support.hierarchical.NodeTestTask.executeRecursively(NodeTestTask.java:126)
	at org.junit.platform.engine.support.hierarchical.NodeTestTask.execute(NodeTestTask.java:84)
	at java.util.ArrayList.forEach(ArrayList.java:1259)
	at org.junit.platform.engine.support.hierarchical.SameThreadHierarchicalTestExecutorService.invokeAll(SameThreadHierarchicalTestExecutorService.java:38)
	at org.junit.platform.engine.support.hierarchical.NodeTestTask.lambda$executeRecursively$5(NodeTestTask.java:143)
	at org.junit.platform.engine.support.hierarchical.ThrowableCollector.execute(ThrowableCollector.java:73)
	at org.junit.platform.engine.support.hierarchical.NodeTestTask.lambda$executeRecursively$7(NodeTestTask.java:129)
	at org.junit.platform.engine.support.hierarchical.Node.around(Node.java:137)
	at org.junit.platform.engine.support.hierarchical.NodeTestTask.lambda$executeRecursively$8(NodeTestTask.java:127)
	at org.junit.platform.engine.support.hierarchical.ThrowableCollector.execute(ThrowableCollector.java:73)
	at org.junit.platform.engine.support.hierarchical.NodeTestTask.executeRecursively(NodeTestTask.java:126)
	at org.junit.platform.engine.support.hierarchical.NodeTestTask.execute(NodeTestTask.java:84)
	at java.util.ArrayList.forEach(ArrayList.java:1259)
	at org.junit.platform.engine.support.hierarchical.SameThreadHierarchicalTestExecutorService.invokeAll(SameThreadHierarchicalTestExecutorService.java:38)
	at org.junit.platform.engine.support.hierarchical.NodeTestTask.lambda$executeRecursively$5(NodeTestTask.java:143)
	at org.junit.platform.engine.support.hierarchical.ThrowableCollector.execute(ThrowableCollector.java:73)
	at org.junit.platform.engine.support.hierarchical.NodeTestTask.lambda$executeRecursively$7(NodeTestTask.java:129)
	at org.junit.platform.engine.support.hierarchical.Node.around(Node.java:137)
	at org.junit.platform.engine.support.hierarchical.NodeTestTask.lambda$executeRecursively$8(NodeTestTask.java:127)
	at org.junit.platform.engine.support.hierarchical.ThrowableCollector.execute(ThrowableCollector.java:73)
	at org.junit.platform.engine.support.hierarchical.NodeTestTask.executeRecursively(NodeTestTask.java:126)
	at org.junit.platform.engine.support.hierarchical.NodeTestTask.execute(NodeTestTask.java:84)
	at org.junit.platform.engine.support.hierarchical.SameThreadHierarchicalTestExecutorService.submit(SameThreadHierarchicalTestExecutorService.java:32)
	at org.junit.platform.engine.support.hierarchical.HierarchicalTestExecutor.execute(HierarchicalTestExecutor.java:57)
	at org.junit.platform.engine.support.hierarchical.HierarchicalTestEngine.execute(HierarchicalTestEngine.java:51)
	at org.junit.platform.launcher.core.EngineExecutionOrchestrator.execute(EngineExecutionOrchestrator.java:108)
	at org.junit.platform.launcher.core.EngineExecutionOrchestrator.execute(EngineExecutionOrchestrator.java:88)
	at org.junit.platform.launcher.core.EngineExecutionOrchestrator.lambda$execute$0(EngineExecutionOrchestrator.java:54)
	at org.junit.platform.launcher.core.EngineExecutionOrchestrator.withInterceptedStreams(EngineExecutionOrchestrator.java:67)
	at org.junit.platform.launcher.core.EngineExecutionOrchestrator.execute(EngineExecutionOrchestrator.java:52)
	at org.junit.platform.launcher.core.DefaultLauncher.execute(DefaultLauncher.java:96)
	at org.junit.platform.launcher.core.DefaultLauncher.execute(DefaultLauncher.java:84)
	at org.eclipse.jdt.internal.junit5.runner.JUnit5TestReference.run(JUnit5TestReference.java:98)
	at org.eclipse.jdt.internal.junit.runner.TestExecution.run(TestExecution.java:41)
	at org.eclipse.jdt.internal.junit.runner.RemoteTestRunner.runTests(RemoteTestRunner.java:542)
	at org.eclipse.jdt.internal.junit.runner.RemoteTestRunner.runTests(RemoteTestRunner.java:770)
	at org.eclipse.jdt.internal.junit.runner.RemoteTestRunner.run(RemoteTestRunner.java:464)
	at org.eclipse.jdt.internal.junit.runner.RemoteTestRunner.main(RemoteTestRunner.java:210)
16:01:37.786 [main] ERROR g.s.commons.xml.XmlFrameworkTest - Exception occured.
org.xml.sax.SAXParseException: A '(' character or an element type is required in the declaration of element type "root".
	at com.sun.org.apache.xerces.internal.parsers.DOMParser.parse(DOMParser.java:257)
	at com.sun.org.apache.xerces.internal.jaxp.DocumentBuilderImpl.parse(DocumentBuilderImpl.java:339)
	at javax.xml.parsers.DocumentBuilder.parse(DocumentBuilder.java:121)
	at goa.systems.commons.xml.XmlFrameworkTest.xmlfwTest1(XmlFrameworkTest.java:26)
	at sun.reflect.NativeMethodAccessorImpl.invoke0(Native Method)
	at sun.reflect.NativeMethodAccessorImpl.invoke(NativeMethodAccessorImpl.java:62)
	at sun.reflect.DelegatingMethodAccessorImpl.invoke(DelegatingMethodAccessorImpl.java:43)
	at java.lang.reflect.Method.invoke(Method.java:498)
	at org.junit.platform.commons.util.ReflectionUtils.invokeMethod(ReflectionUtils.java:688)
	at org.junit.jupiter.engine.execution.MethodInvocation.proceed(MethodInvocation.java:60)
	at org.junit.jupiter.engine.execution.InvocationInterceptorChain$ValidatingInvocation.proceed(InvocationInterceptorChain.java:131)
	at org.junit.jupiter.engine.extension.TimeoutExtension.intercept(TimeoutExtension.java:149)
	at org.junit.jupiter.engine.extension.TimeoutExtension.interceptTestableMethod(TimeoutExtension.java:140)
	at org.junit.jupiter.engine.extension.TimeoutExtension.interceptTestMethod(TimeoutExtension.java:84)
	at org.junit.jupiter.engine.execution.ExecutableInvoker$ReflectiveInterceptorCall.lambda$ofVoidMethod$0(ExecutableInvoker.java:115)
	at org.junit.jupiter.engine.execution.ExecutableInvoker.lambda$invoke$0(ExecutableInvoker.java:105)
	at org.junit.jupiter.engine.execution.InvocationInterceptorChain$InterceptedInvocation.proceed(InvocationInterceptorChain.java:106)
	at org.junit.jupiter.engine.execution.InvocationInterceptorChain.proceed(InvocationInterceptorChain.java:64)
	at org.junit.jupiter.engine.execution.InvocationInterceptorChain.chainAndInvoke(InvocationInterceptorChain.java:45)
	at org.junit.jupiter.engine.execution.InvocationInterceptorChain.invoke(InvocationInterceptorChain.java:37)
	at org.junit.jupiter.engine.execution.ExecutableInvoker.invoke(ExecutableInvoker.java:104)
	at org.junit.jupiter.engine.execution.ExecutableInvoker.invoke(ExecutableInvoker.java:98)
	at org.junit.jupiter.engine.descriptor.TestMethodTestDescriptor.lambda$invokeTestMethod$6(TestMethodTestDescriptor.java:210)
	at org.junit.platform.engine.support.hierarchical.ThrowableCollector.execute(ThrowableCollector.java:73)
	at org.junit.jupiter.engine.descriptor.TestMethodTestDescriptor.invokeTestMethod(TestMethodTestDescriptor.java:206)
	at org.junit.jupiter.engine.descriptor.TestMethodTestDescriptor.execute(TestMethodTestDescriptor.java:131)
	at org.junit.jupiter.engine.descriptor.TestMethodTestDescriptor.execute(TestMethodTestDescriptor.java:65)
	at org.junit.platform.engine.support.hierarchical.NodeTestTask.lambda$executeRecursively$5(NodeTestTask.java:139)
	at org.junit.platform.engine.support.hierarchical.ThrowableCollector.execute(ThrowableCollector.java:73)
	at org.junit.platform.engine.support.hierarchical.NodeTestTask.lambda$executeRecursively$7(NodeTestTask.java:129)
	at org.junit.platform.engine.support.hierarchical.Node.around(Node.java:137)
	at org.junit.platform.engine.support.hierarchical.NodeTestTask.lambda$executeRecursively$8(NodeTestTask.java:127)
	at org.junit.platform.engine.support.hierarchical.ThrowableCollector.execute(ThrowableCollector.java:73)
	at org.junit.platform.engine.support.hierarchical.NodeTestTask.executeRecursively(NodeTestTask.java:126)
	at org.junit.platform.engine.support.hierarchical.NodeTestTask.execute(NodeTestTask.java:84)
	at java.util.ArrayList.forEach(ArrayList.java:1259)
	at org.junit.platform.engine.support.hierarchical.SameThreadHierarchicalTestExecutorService.invokeAll(SameThreadHierarchicalTestExecutorService.java:38)
	at org.junit.platform.engine.support.hierarchical.NodeTestTask.lambda$executeRecursively$5(NodeTestTask.java:143)
	at org.junit.platform.engine.support.hierarchical.ThrowableCollector.execute(ThrowableCollector.java:73)
	at org.junit.platform.engine.support.hierarchical.NodeTestTask.lambda$executeRecursively$7(NodeTestTask.java:129)
	at org.junit.platform.engine.support.hierarchical.Node.around(Node.java:137)
	at org.junit.platform.engine.support.hierarchical.NodeTestTask.lambda$executeRecursively$8(NodeTestTask.java:127)
	at org.junit.platform.engine.support.hierarchical.ThrowableCollector.execute(ThrowableCollector.java:73)
	at org.junit.platform.engine.support.hierarchical.NodeTestTask.executeRecursively(NodeTestTask.java:126)
	at org.junit.platform.engine.support.hierarchical.NodeTestTask.execute(NodeTestTask.java:84)
	at java.util.ArrayList.forEach(ArrayList.java:1259)
	at org.junit.platform.engine.support.hierarchical.SameThreadHierarchicalTestExecutorService.invokeAll(SameThreadHierarchicalTestExecutorService.java:38)
	at org.junit.platform.engine.support.hierarchical.NodeTestTask.lambda$executeRecursively$5(NodeTestTask.java:143)
	at org.junit.platform.engine.support.hierarchical.ThrowableCollector.execute(ThrowableCollector.java:73)
	at org.junit.platform.engine.support.hierarchical.NodeTestTask.lambda$executeRecursively$7(NodeTestTask.java:129)
	at org.junit.platform.engine.support.hierarchical.Node.around(Node.java:137)
	at org.junit.platform.engine.support.hierarchical.NodeTestTask.lambda$executeRecursively$8(NodeTestTask.java:127)
	at org.junit.platform.engine.support.hierarchical.ThrowableCollector.execute(ThrowableCollector.java:73)
	at org.junit.platform.engine.support.hierarchical.NodeTestTask.executeRecursively(NodeTestTask.java:126)
	at org.junit.platform.engine.support.hierarchical.NodeTestTask.execute(NodeTestTask.java:84)
	at org.junit.platform.engine.support.hierarchical.SameThreadHierarchicalTestExecutorService.submit(SameThreadHierarchicalTestExecutorService.java:32)
	at org.junit.platform.engine.support.hierarchical.HierarchicalTestExecutor.execute(HierarchicalTestExecutor.java:57)
	at org.junit.platform.engine.support.hierarchical.HierarchicalTestEngine.execute(HierarchicalTestEngine.java:51)
	at org.junit.platform.launcher.core.EngineExecutionOrchestrator.execute(EngineExecutionOrchestrator.java:108)
	at org.junit.platform.launcher.core.EngineExecutionOrchestrator.execute(EngineExecutionOrchestrator.java:88)
	at org.junit.platform.launcher.core.EngineExecutionOrchestrator.lambda$execute$0(EngineExecutionOrchestrator.java:54)
	at org.junit.platform.launcher.core.EngineExecutionOrchestrator.withInterceptedStreams(EngineExecutionOrchestrator.java:67)
	at org.junit.platform.launcher.core.EngineExecutionOrchestrator.execute(EngineExecutionOrchestrator.java:52)
	at org.junit.platform.launcher.core.DefaultLauncher.execute(DefaultLauncher.java:96)
	at org.junit.platform.launcher.core.DefaultLauncher.execute(DefaultLauncher.java:84)
	at org.eclipse.jdt.internal.junit5.runner.JUnit5TestReference.run(JUnit5TestReference.java:98)
	at org.eclipse.jdt.internal.junit.runner.TestExecution.run(TestExecution.java:41)
	at org.eclipse.jdt.internal.junit.runner.RemoteTestRunner.runTests(RemoteTestRunner.java:542)
	at org.eclipse.jdt.internal.junit.runner.RemoteTestRunner.runTests(RemoteTestRunner.java:770)
	at org.eclipse.jdt.internal.junit.runner.RemoteTestRunner.run(RemoteTestRunner.java:464)
	at org.eclipse.jdt.internal.junit.runner.RemoteTestRunner.main(RemoteTestRunner.java:210)
16:06:11.767 [main] DEBUG g.s.commons.xml.XmlFrameworkTest - <?xml version="1.0" encoding="UTF-8"?><root>
	<child>Child content</child>
</root>
16:07:30.178 [main] DEBUG g.s.commons.xml.XmlFrameworkTest - <?xml version="1.0" encoding="UTF-8"?><root>
	<child>Child content</child>
</root>
16:07:46.707 [main] DEBUG g.s.commons.xml.XmlFrameworkTest - <?xml version="1.0" encoding="UTF-8"?><root>
	<child>Child content</child>
</root>
16:08:05.309 [main] DEBUG g.s.commons.xml.XmlFrameworkTest - <?xml version="1.0" encoding="UTF-8"?><root>
	<child>Child content</child>
</root>
16:08:32.626 [main] DEBUG g.s.commons.xml.XmlFrameworkTest - <?xml version="1.0" encoding="UTF-8"?><root>
	<child>Child content</child>
</root>
16:11:03.315 [main] DEBUG g.s.commons.xml.XmlFrameworkTest - <?xml version="1.0" encoding="UTF-8"?><root>
	<child>Child content</child>
</root>
16:11:11.952 [main] DEBUG g.s.commons.xml.XmlFrameworkTest - <?xml version="1.0" encoding="UTF-8"?><root>
	<child>Child content</child>
</root>

16:12:45.969 [main] DEBUG g.s.commons.xml.XmlFrameworkTest - <?xml version="1.0" encoding="UTF-8"?><root>
	<child>Child content</child>
</root>

16:12:53.709 [main] DEBUG g.s.commons.xml.XmlFrameworkTest - <?xml version="1.0" encoding="UTF-8"?><root>
	<child>Child content</child>
</root>

16:13:20.046 [main] DEBUG g.s.commons.xml.XmlFrameworkTest - <?xml version="1.0" encoding="UTF-8"?><root>
	<child>Child content</child>
</root>
16:13:25.283 [main] DEBUG g.s.commons.xml.XmlFrameworkTest - <root>
	<child>Child content</child>
</root>
16:13:33.805 [main] DEBUG g.s.commons.xml.XmlFrameworkTest - <?xml version="1.0" encoding="UTF-8"?><root>
	<child>Child content</child>
</root>
16:13:47.478 [main] DEBUG g.s.commons.xml.XmlFrameworkTest - <?xml version="1.0" encoding="UTF-8"?><root>
	<child>Child content</child>
</root>
16:14:37.492 [main] DEBUG g.s.commons.xml.XmlFrameworkTest - <?xml version="1.0" encoding="UTF-8"?><root>
	<child>Child content</child>
</root>
16:14:53.976 [main] DEBUG g.s.commons.xml.XmlFrameworkTest - <?xml version="1.0" encoding="UTF-8"?><root>
	<child>Child content</child>
</root>
16:15:59.929 [main] DEBUG g.s.commons.xml.XmlFrameworkTest - <?xml version="1.0" encoding="UTF-8"?><root>
	<child>Child content</child>
</root>
16:16:15.135 [main] DEBUG g.s.commons.xml.XmlFrameworkTest - <?xml version="1.0" encoding="UTF-8"?><root><child>Child content</child></root>
16:16:27.986 [main] DEBUG g.s.commons.xml.XmlFrameworkTest - <?xml version="1.0" encoding="UTF-8"?><root>
<child>Child content</child>
</root>

16:16:57.107 [main] DEBUG g.s.commons.xml.XmlFrameworkTest - <?xml version="1.0" encoding="UTF-8"?><root>
  <child>Child content</child>
</root>

16:17:02.477 [main] DEBUG g.s.commons.xml.XmlFrameworkTest - <?xml version="1.0" encoding="UTF-8"?><root>
    <child>Child content</child>
</root>

16:17:36.971 [main] DEBUG g.s.commons.xml.XmlFrameworkTest - <?xml version="1.0" encoding="UTF-8"?><root>
    <child>Child content</child>
</root>

16:18:18.677 [main] DEBUG g.s.commons.xml.XmlFrameworkTest - <?xml version="1.0" encoding="UTF-8"?><root>
    <child>Child content</child>
</root>

16:18:51.252 [main] DEBUG g.s.commons.xml.XmlFrameworkTest - <?xml version="1.0" encoding="UTF-8"?><root>
    <child>Child content</child>
</root>

21:02:22.481 [Test worker] DEBUG g.systems.commons.io.InputOutputTest - Line 1 of logback config: <?xml version="1.0" encoding="UTF-8" standalone="yes"?>
21:02:22.487 [Test worker] DEBUG g.systems.commons.io.InputOutputTest - Line 1 of logback config: iotest3content
21:02:22.489 [Test worker] DEBUG g.systems.commons.io.InputOutputTest - Line 1 of logback config with encoding UTF-8: iotest4content:öäüß
21:02:22.490 [Test worker] DEBUG g.systems.commons.io.InputOutputTest - Line 1 of logback config with encoding ISO-8859-1: iotest4content:öäüß
21:02:22.491 [Test worker] DEBUG g.systems.commons.io.InputOutputTest - Line 1 of logback config with encoding UTF-16: iotest4content:öäüß
